2016/01/16 07:47:52 [info] [MyDebug] 

UserIdentity::authenticate() - failed login from ::1 ( user=[rferguson7], pwd=[ldalberti] )


in /Library/WebServer/Documents/iq2/protected/globals.php (291)
in /Library/WebServer/Documents/iq2/protected/components/UserIdentity.php (56)
in /Library/WebServer/Documents/iq2/protected/models/LoginForm.php (52)
2016/01/16 07:48:54 [info] [MyDebug] 

Users::registerUser() - trying to register user=[rferguson7]


in /Library/WebServer/Documents/iq2/protected/globals.php (291)
in /Library/WebServer/Documents/iq2/protected/models/Users.php (146)
in /Library/WebServer/Documents/iq2/protected/components/UserIdentity.php (43)
2016/01/16 07:48:54 [info] [MyDebug] 

Users::registerUser() - already registered:

Array
(
    [id] => 8
    [role_id] => 5
    [group_id] => 6
    [username] => rferguson7
    [first_name] => Robin
    [last_name] => Ferguson
    [email] => rferguson7@sina.com.cn
    [title] => Accounting Assistant III
    [phone] => 62-(127)338-2422
    [fax] => 359-(984)829-7789
    [sig] => 
)


in /Library/WebServer/Documents/iq2/protected/globals.php (291)
in /Library/WebServer/Documents/iq2/protected/models/Users.php (150)
in /Library/WebServer/Documents/iq2/protected/components/UserIdentity.php (43)
2016/01/16 07:48:54 [info] [MyDebug] 

Users::registerUser() - logged in:[]


in /Library/WebServer/Documents/iq2/protected/globals.php (291)
in /Library/WebServer/Documents/iq2/protected/models/Users.php (151)
in /Library/WebServer/Documents/iq2/protected/components/UserIdentity.php (43)
2016/01/16 07:48:57 [info] [MyDebug] 

actionIndex() - _GET=

Array
(
    [stock] => 
)


in /Library/WebServer/Documents/iq2/protected/globals.php (291)
in /Library/WebServer/Documents/iq2/protected/controllers/QuotesController.php (130)
in /Library/WebServer/Documents/iq2/index.php (21)
2016/01/16 07:48:57 [info] [MyDebug] 

actionIndex() - criteria:

CDbCriteria Object
(
    [select] => *
    [distinct] => 
    [condition] => (user_id = 8) AND (type = 1)
    [params] => Array
        (
        )

    [limit] => -1
    [offset] => -1
    [order] => 
    [group] => 
    [join] => 
    [having] => 
    [with] => 
    [alias] => 
    [together] => 
    [index] => 
    [scopes] => 
    [_e:CComponent:private] => 
    [_m:CComponent:private] => 
)


in /Library/WebServer/Documents/iq2/protected/globals.php (291)
in /Library/WebServer/Documents/iq2/protected/controllers/QuotesController.php (151)
in /Library/WebServer/Documents/iq2/index.php (21)
2016/01/16 07:49:04 [info] [MyDebug] 

actionIndex() - _GET=

Array
(
    [mfg] => 
)


in /Library/WebServer/Documents/iq2/protected/globals.php (291)
in /Library/WebServer/Documents/iq2/protected/controllers/QuotesController.php (130)
in /Library/WebServer/Documents/iq2/index.php (21)
2016/01/16 07:49:04 [info] [MyDebug] 

actionIndex() - criteria:

CDbCriteria Object
(
    [select] => *
    [distinct] => 
    [condition] => (user_id = 8) AND (type = 2)
    [params] => Array
        (
        )

    [limit] => -1
    [offset] => -1
    [order] => 
    [group] => 
    [join] => 
    [having] => 
    [with] => 
    [alias] => 
    [together] => 
    [index] => 
    [scopes] => 
    [_e:CComponent:private] => 
    [_m:CComponent:private] => 
)


in /Library/WebServer/Documents/iq2/protected/globals.php (291)
in /Library/WebServer/Documents/iq2/protected/controllers/QuotesController.php (151)
in /Library/WebServer/Documents/iq2/index.php (21)
2016/01/16 07:49:06 [info] [MyDebug] 

actionIndex() - _GET=

Array
(
    [srf] => 
)


in /Library/WebServer/Documents/iq2/protected/globals.php (291)
in /Library/WebServer/Documents/iq2/protected/controllers/QuotesController.php (130)
in /Library/WebServer/Documents/iq2/index.php (21)
2016/01/16 07:49:06 [info] [MyDebug] 

actionIndex() - criteria:

CDbCriteria Object
(
    [select] => *
    [distinct] => 
    [condition] => (user_id = 8) AND (type = 3)
    [params] => Array
        (
        )

    [limit] => -1
    [offset] => -1
    [order] => 
    [group] => 
    [join] => 
    [having] => 
    [with] => 
    [alias] => 
    [together] => 
    [index] => 
    [scopes] => 
    [_e:CComponent:private] => 
    [_m:CComponent:private] => 
)


in /Library/WebServer/Documents/iq2/protected/globals.php (291)
in /Library/WebServer/Documents/iq2/protected/controllers/QuotesController.php (151)
in /Library/WebServer/Documents/iq2/index.php (21)
2016/01/16 07:49:10 [info] [MyDebug] 

actionIndex() - _GET=

Array
(
    [stock] => 
)


in /Library/WebServer/Documents/iq2/protected/globals.php (291)
in /Library/WebServer/Documents/iq2/protected/controllers/QuotesController.php (130)
in /Library/WebServer/Documents/iq2/index.php (21)
2016/01/16 07:49:10 [info] [MyDebug] 

actionIndex() - criteria:

CDbCriteria Object
(
    [select] => *
    [distinct] => 
    [condition] => (user_id = 8) AND (type = 1)
    [params] => Array
        (
        )

    [limit] => -1
    [offset] => -1
    [order] => 
    [group] => 
    [join] => 
    [having] => 
    [with] => 
    [alias] => 
    [together] => 
    [index] => 
    [scopes] => 
    [_e:CComponent:private] => 
    [_m:CComponent:private] => 
)


in /Library/WebServer/Documents/iq2/protected/globals.php (291)
in /Library/WebServer/Documents/iq2/protected/controllers/QuotesController.php (151)
in /Library/WebServer/Documents/iq2/index.php (21)
